# JRE version: Java(TM) SE Runtime Environment (17.0.7+8) (build 17.0.7+8-LTS-224)
# Java VM: Java HotSpot(TM) 64-Bit Server VM (17.0.7+8-LTS-224, mixed mode, sharing, tiered, compressed oops, compressed class ptrs, g1 gc, windows-amd64)
GC Precious Log:
 CPUs: 8 total, 8 available
 Memory: 5989M
 Large Page Support: Disabled
 NUMA Support: Disabled
 Compressed Oops: Enabled (32-bit)
 Heap Region Size: 1M
 Heap Min Capacity: 8M
 Heap Initial Capacity: 94M
 Heap Max Capacity: 1498M
 Pre-touch: Disabled
 Parallel Workers: 8
 Concurrent Workers: 2
 Concurrent Refinement Workers: 8
 Periodic GC: Disabled
Heap:
 garbage-first heap   total 96256K, used 56468K [0x00000000a2600000, 0x0000000100000000)
  region size 1024K, 44 young (45056K), 5 survivors (5120K)
 Metaspace       used 17659K, committed 17920K, reserved 1064960K
  class space    used 2004K, committed 2112K, reserved 1048576K
GC Heap History (8 events):
Event: 1.975 GC heap before
{Heap before GC invocations=0 (full 0):
 garbage-first heap   total 96256K, used 22528K [0x00000000a2600000, 0x0000000100000000)
  region size 1024K, 23 young (23552K), 0 survivors (0K)
 Metaspace       used 5510K, committed 5696K, reserved 1056768K
  class space    used 663K, committed 768K, reserved 1048576K
}
Event: 1.984 GC heap after
{Heap after GC invocations=1 (full 0):
 garbage-first heap   total 96256K, used 3736K [0x00000000a2600000, 0x0000000100000000)
  region size 1024K, 3 young (3072K), 3 survivors (3072K)
 Metaspace       used 5510K, committed 5696K, reserved 1056768K
  class space    used 663K, committed 768K, reserved 1048576K
}
Event: 3.489 GC heap before
{Heap before GC invocations=1 (full 0):
 garbage-first heap   total 96256K, used 34456K [0x00000000a2600000, 0x0000000100000000)
  region size 1024K, 33 young (33792K), 3 survivors (3072K)
 Metaspace       used 10459K, committed 10624K, reserved 1064960K
  class space    used 1281K, committed 1344K, reserved 1048576K
}
Event: 3.498 GC heap after
{Heap after GC invocations=2 (full 0):
 garbage-first heap   total 96256K, used 5950K [0x00000000a2600000, 0x0000000100000000)
  region size 1024K, 3 young (3072K), 3 survivors (3072K)
 Metaspace       used 10459K, committed 10624K, reserved 1064960K
  class space    used 1281K, committed 1344K, reserved 1048576K
}
Event: 6.119 GC heap before
{Heap before GC invocations=2 (full 0):
 garbage-first heap   total 96256K, used 60222K [0x00000000a2600000, 0x0000000100000000)
  region size 1024K, 56 young (57344K), 3 survivors (3072K)
 Metaspace       used 15102K, committed 15232K, reserved 1064960K
  class space    used 1804K, committed 1856K, reserved 1048576K
}
Event: 6.150 GC heap after
{Heap after GC invocations=3 (full 0):
 garbage-first heap   total 96256K, used 12217K [0x00000000a2600000, 0x0000000100000000)
  region size 1024K, 7 young (7168K), 7 survivors (7168K)
 Metaspace       used 15102K, committed 15232K, reserved 1064960K
  class space    used 1804K, committed 1856K, reserved 1048576K
}
Event: 7.935 GC heap before
{Heap before GC invocations=3 (full 0):
 garbage-first heap   total 96256K, used 62393K [0x00000000a2600000, 0x0000000100000000)
  region size 1024K, 56 young (57344K), 7 survivors (7168K)
 Metaspace       used 15622K, committed 15872K, reserved 1064960K
  class space    used 1811K, committed 1920K, reserved 1048576K
}
Event: 7.960 GC heap after
{Heap after GC invocations=4 (full 0):
 garbage-first heap   total 96256K, used 17556K [0x00000000a2600000, 0x0000000100000000)
  region size 1024K, 5 young (5120K), 5 survivors (5120K)
 Metaspace       used 15622K, committed 15872K, reserved 1064960K
  class space    used 1811K, committed 1920K, reserved 1048576K
}

